<?xml version="1.0" encoding="UTF-8"?>
<testsuite name="com.lewis.learn.datastruct.linear.array.LewisRawArrayTest" tests="3" skipped="0" failures="0" errors="0" timestamp="2019-05-06T05:50:32" hostname="lewisdeMacBook-Pro.local" time="0.064">
  <properties/>
  <testcase name="testFind" classname="com.lewis.learn.datastruct.linear.array.LewisRawArrayTest" time="0.057"/>
  <testcase name="testDelete" classname="com.lewis.learn.datastruct.linear.array.LewisRawArrayTest" time="0.002"/>
  <testcase name="testInsert" classname="com.lewis.learn.datastruct.linear.array.LewisRawArrayTest" time="0.004"/>
  <system-out><![CDATA[zero one three four null 
[INFO ] 2019-05-06 13:50:32,732 method:com.lewis.learn.datastruct.linear.array.LewisRawArray.insert(LewisRawArray.java:40)
数组已满，没有可插入的位置
[INFO ] 2019-05-06 13:50:32,735 method:com.lewis.learn.datastruct.linear.array.LewisRawArray.insert(LewisRawArray.java:40)
数组已满，没有可插入的位置
zero one two three four 
]]></system-out>
  <system-err><![CDATA[]]></system-err>
</testsuite>
